Three cases all passed.

TestNPP_L0:
1. build runtime
2. For 9.1 and afterward
p4 sync //sw/rel/gpgpu/toolkit/r9.1/NPP/...@TK_CL
p4 sync //sw/tools/intel/linux/compilers_and_libraries_2017.0.098/linux/ipp/lib/intel64_lin/...
p4 sync //sw/tools/intel/linux/compilers_and_libraries_2017.0.098/linux/ipp/include/...
cd $P4ROOT/sw/rel/gpgpu/toolkit/r9.1/cudalibtools
make RELEASE=1
cd $P4ROOT/sw/rel/gpgpu/toolkit/r9.1/NPP
make RELEASE=1 TESTNPP=1 I_AM_SLOPPY=1 -j20

3. Copy libraries from local install path to binpath:
cp -rfPv /usr/local/cuda/lib64/* $P4ROOT/sw/rel/gpgpu/toolkit/r9.1/bin/x86_64_Linux_release
4. Run L0 test:
export LD_LIBRARY_PATH=$P4ROOT/sw/tools/intel/linux/compilers_and_libraries_2017.0.098/linux/ipp/lib/intel64_lin:$LD_LIBRARY_PATH

$ cd $P4ROOT/sw/rel/gpgpu/toolkit/r9.1/bin/x86_64_Linux_release
$ ./TestNPP -q -r -s -t Root/Functional/Image/Arithmetic/*
Error message:
kerry@dhcp-10-19-192-210:/home/jeff/sw/rel/gpgpu/toolkit/r9.1/bin/x86_64_Linux_release> ./TestNPP -q -r -s -t Root/Functional/Image/Arithmetic/*
./TestNPP: error while loading shared libraries: libippi.so: cannot open shared object file: No such file or directory

Solution:
export LD_LIBRARY_PATH=$P4ROOT/sw/tools/intel/linux/compilers_and_libraries_2017.0.098/linux/ipp/lib/intel64_lin:$LD_LIBRARY_PATH


TestNPP_L1:
1. For step 1- 3 follow above steps
2. Run L1 test:
$ ./TestNPP -q -r -s -t Root/Functional/Image/FilterBorderTests/*  # 很快

TestNPP_L2: # around 20 minutes
1. For step1-3 follow above steps:
export LD_LIBRARY_PATH=$P4ROOT/sw/tools/intel/linux/compilers_and_libraries_2017.0.098/linux/ipp/lib/intel64_lin:$LD_LIBRARY_PATH

2. Run L2 test: # around 20 minutes
./TestNPP -v 2 -q -t Root/Functional/* 2>&1 | tee /home/kerry/kerry_ws/testnpp_L2.txt
bug: 2072915
&&&& FAILED Root/Functional/Core/ErrorCodeTest/NPP_NOT_SUPPORTED_MODE_ERROR
&&&& FAILED Root/Functional/Core/ErrorCodeTest/NPP_RESIZE_FACTOR_ERROR
&&&& FAILED Root/Functional/Core/ErrorCodeTest/NPP_INTERPOLATION_ERROR
&&&& FAILED Root/Functional/Core/ErrorCodeTest/NPP_MIRROR_FLIP_ERROR
&&&& FAILED Root/Functional/Core/ErrorCodeTest/NPP_MOMENT_00_ZERO_ERROR
&&&& FAILED Root/Functional/Core/ErrorCodeTest/NPP_THRESHOLD_NEGATIVE_LEVEL_ERROR
&&&& FAILED Root/Functional/Core/ErrorCodeTest/NPP_THRESHOLD_ERROR
&&&& FAILED Root/Functional/Core/ErrorCodeTest/NPP_CONTEXT_MATCH_ERROR
&&&& FAILED Root/Functional/Core/ErrorCodeTest/NPP_FFT_FLAG_ERROR
&&&& FAILED Root/Functional/Core/ErrorCodeTest/NPP_FFT_ORDER_ERROR
&&&& FAILED Root/Functional/Core/ErrorCodeTest/NPP_STEP_ERROR
&&&& FAILED Root/Functional/Core/ErrorCodeTest/NPP_SCALE_RANGE_ERROR
&&&& FAILED Root/Functional/Core/ErrorCodeTest/NPP_DATA_TYPE_ERROR




3. Classified failures.

4.Rerun failure subtest with “./TestNPP -v 2 -q -t Root/Functional/${Failed_Subtests}/*”

5. Copy log snippet from “&&&& RUNNING “to “&&&& FAILED” in bug description

6. Attach failed log in nvbugs.
